<?xml version="1.0" encoding="utf-8"?><testsuites><testsuite name="pytest" errors="0" failures="5" skipped="1" tests="49" time="0.882" timestamp="2025-03-30T09:34:45.267247-04:00" hostname="Omars-Mac-Studio.local"><testcase classname="tests.unit.app.repositories.test_client" name="test_read" time="0.034" /><testcase classname="tests.unit.app.repositories.test_client" name="test_read_all" time="0.035" /><testcase classname="tests.unit.app.repositories.test_client" name="test_create" time="0.035" /><testcase classname="tests.unit.app.repositories.test_client" name="test_update" time="0.056" /><testcase classname="tests.unit.app.repositories.test_client" name="test_update_no_client" time="0.032" /><testcase classname="tests.unit.app.repositories.test_client" name="test_delete" time="0.035" /><testcase classname="tests.unit.app.repositories.test_client" name="test_delete_no_client" time="0.033" /><testcase classname="tests.unit.app.repositories.test_user" name="test_read" time="0.033" /><testcase classname="tests.unit.app.repositories.test_user" name="test_read_by_username" time="0.032" /><testcase classname="tests.unit.app.repositories.test_user" name="test_read_by_email" time="0.034" /><testcase classname="tests.unit.app.repositories.test_user" name="test_read_all" time="0.033" /><testcase classname="tests.unit.app.repositories.test_user" name="test_create" time="0.033" /><testcase classname="tests.unit.app.repositories.test_user" name="test_update" time="0.033" /><testcase classname="tests.unit.app.repositories.test_user" name="test_update_no_user" time="0.032" /><testcase classname="tests.unit.app.repositories.test_user" name="test_delete" time="0.033" /><testcase classname="tests.unit.app.repositories.test_user" name="test_delete_no_user" time="0.033" /><testcase classname="tests.unit.app.services.test_client" name="test_create" time="0.000" /><testcase classname="tests.unit.app.services.test_client" name="test_read" time="0.000" /><testcase classname="tests.unit.app.services.test_client" name="test_update" time="0.000" /><testcase classname="tests.unit.app.services.test_client" name="test_delete" time="0.000" /><testcase classname="tests.unit.app.services.test_user" name="test_create" time="0.000" /><testcase classname="tests.unit.app.services.test_user" name="test_read" time="0.000" /><testcase classname="tests.unit.app.services.test_user" name="test_read_by_username" time="0.000" /><testcase classname="tests.unit.app.services.test_user" name="test_read_by_email" time="0.000" /><testcase classname="tests.unit.app.services.test_user" name="test_read_all" time="0.000" /><testcase classname="tests.unit.app.services.test_user" name="test_update" time="0.000" /><testcase classname="tests.unit.app.services.test_user" name="test_delete[Existing user ID]" time="0.000" /><testcase classname="tests.unit.app.services.test_user" name="test_delete[Non-existing user ID]" time="0.000" /><testcase classname="tests.unit.app.test_dependencies" name="test_get_current_user_valid_token" time="0.001"><failure message="AttributeError: 'coroutine' object has no attribute 'username'">tests/unit/app/test_dependencies.py:60: in test_get_current_user_valid_token
    assert user.username == "testuser"
E   AttributeError: 'coroutine' object has no attribute 'username'</failure></testcase><testcase classname="tests.unit.app.test_dependencies" name="test_get_current_user_invalid_token" time="0.000"><failure message="Failed: DID NOT RAISE &lt;class 'fastapi.exceptions.HTTPException'&gt;">tests/unit/app/test_dependencies.py:75: in test_get_current_user_invalid_token
    with pytest.raises(HTTPException) as exc_info:
E   Failed: DID NOT RAISE &lt;class 'fastapi.exceptions.HTTPException'&gt;</failure></testcase><testcase classname="tests.unit.app.test_dependencies" name="test_get_current_user_no_user" time="0.001"><failure message="Failed: DID NOT RAISE &lt;class 'fastapi.exceptions.HTTPException'&gt;">tests/unit/app/test_dependencies.py:89: in test_get_current_user_no_user
    with pytest.raises(HTTPException) as exc_info:
E   Failed: DID NOT RAISE &lt;class 'fastapi.exceptions.HTTPException'&gt;</failure></testcase><testcase classname="tests.unit.app.test_dependencies" name="test_get_current_active_user_active" time="0.000"><failure message="AttributeError: 'coroutine' object has no attribute 'username'">tests/unit/app/test_dependencies.py:107: in test_get_current_active_user_active
    assert user.username == "testuser"
E   AttributeError: 'coroutine' object has no attribute 'username'</failure></testcase><testcase classname="tests.unit.app.test_dependencies" name="test_get_current_active_user_inactive" time="0.000"><failure message="Failed: DID NOT RAISE &lt;class 'fastapi.exceptions.HTTPException'&gt;">tests/unit/app/test_dependencies.py:120: in test_get_current_active_user_inactive
    with pytest.raises(HTTPException) as exc_info:
E   Failed: DID NOT RAISE &lt;class 'fastapi.exceptions.HTTPException'&gt;</failure></testcase><testcase classname="tests.unit.app.test_dependencies" name="test_get_session" time="0.001" /><testcase classname="tests.unit.app.test_dependencies" name="test_get_engine" time="0.000" /><testcase classname="tests.unit.app.test_dependencies" name="test_get_client_repository" time="0.000" /><testcase classname="tests.unit.app.test_dependencies" name="test_get_user_repository" time="0.000" /><testcase classname="tests.unit.app.test_dependencies" name="test_get_client_service" time="0.000" /><testcase classname="tests.unit.app.test_dependencies" name="test_get_user_service" time="0.000" /><testcase classname="tests.unit.app.test_utils" name="test_verify_password" time="0.001" /><testcase classname="tests.unit.app.test_utils" name="test_get_password_hash" time="0.000" /><testcase classname="tests.unit.app.test_utils" name="test_create_access_token" time="0.001" /><testcase classname="tests.unit.app.test_utils" name="test_create_access_token_no_expiration" time="0.000" /><testcase classname="tests.unit.app.test_utils" name="test_get_user" time="0.000" /><testcase classname="tests.unit.app.test_utils" name="test_get_user_not_found" time="0.000" /><testcase classname="tests.unit.app.test_utils" name="test_authenticate_user" time="0.000" /><testcase classname="tests.unit.app.test_utils" name="test_authenticate_user_invalid_password" time="0.000" /><testcase classname="tests.unit.app.test_utils" name="test_authenticate_user_not_found" time="0.000" /><testcase classname="tests.unit.test_clients" name="test_create_client" time="0.000"><skipped type="pytest.skip" message="unconditional skip">/Users/omar/src/github.com/ocrosby/authorization-server/tests/unit/test_clients.py:13: unconditional skip</skipped></testcase></testsuite></testsuites>